Erro no arquivo: /opt/SMSFactory/toSend/mensagem_5375.txt numero: 3193552008 Conteudo: CREDBELL ALERTA (GWCEL S.E.): Timeout (T-) para TIM PROBLEMA em 13/08/2014 12:58:04
Erro no arquivo: /opt/SMSFactory/toSend/mensagem_1464.txt numero: 3192948698 Conteudo: CREDBELL ALERTA (GWCEL S.E.): Timeout (T-) para TIM PROBLEMA em 13/08/2014 12:58:04
Erro no arquivo: /opt/SMSFactory/toSend/mensagem_1464.txt numero: 3192948698 Conteudo: CREDBELL ALERTA (GWCEL S.E.): Timeout (T-) para TIM PROBLEMA em 13/08/2014 12:58:04
Erro no arquivo: /opt/SMSFactory/toSend/mensagem_1060.txt numero: 3192948698 Conteudo: CREDBELL ALERTA (GWCEL S.E.): Timeout (T-) para TIM RETORNO em 13/08/2014 13:01:04
Erro no arquivo: /opt/SMSFactory/toSend/mensagem_2636.txt numero: 3175291119 Conteudo: CREDBELL ALERTA (GWCEL S.E.): Timeout (T-) para TIM RETORNO em 13/08/2014 13:01:04
Erro no arquivo: /opt/SMSFactory/toSend/mensagem_2636.txt numero: 3175291119 Conteudo: CREDBELL ALERTA (GWCEL S.E.): Timeout (T-) para TIM RETORNO em 13/08/2014 13:01:04
Erro no arquivo: /opt/SMSFactory/toSend/mensagem_marcelo.txt numero: 3188125480 Conteudo: Cliente Claro, temos um aparelho gratis esperando por voce. Responda este SMS com a palavra SIM e retornaremos com as condicoes e a loja Claro mais proxima.
Erro no arquivo: /opt/SMSFactory/toSend/mensagem_marcelo.txt numero: 3192722676 Conteudo: Cliente Claro, temos um aparelho gratis esperando por voce. Responda este SMS com a palavra SIM e retornaremos com as condicoes e a loja Claro mais proxima.
Erro no arquivo: /opt/SMSFactory/toSend/mensagem_5886.txt numero: 3175291119 Conteudo: CREDBELL ALERTA (GWCEL S.E.): Timeout (T-) para TIM PROBLEMA em 13/08/2014 14:11:07
Erro no arquivo: /opt/SMSFactory/toSend/mensagem_5720.txt numero: 3175291119 Conteudo: CREDBELL ALERTA (GWCEL S.E.): Timeout (T-) para VIVO PROBLEMA em 13/08/2014 14:11:06
Erro no arquivo: /opt/SMSFactory/toSend/mensagem_6327.txt numero: 3192948698 Conteudo: CREDBELL ALERTA (GWCEL S.E.): Timeout (T-) para CTBC-CELULAR PROBLEMA em 13/08/2014 14:11:07
Erro no arquivo: /opt/SMSFactory/toSend/mensagem_2657.txt numero: 3192948698 Conteudo: CREDBELL ALERTA (GWCEL S.E.): Timeout (T-) para VIVO PROBLEMA em 13/08/2014 14:11:06
Erro no arquivo: /opt/SMSFactory/toSend/mensagem_501.txt numero: 3192948698 Conteudo: CREDBELL ALERTA (GWCEL S.E.): Timeout (T-) para CLARO PROBLEMA em 13/08/2014 14:11:06
Erro no arquivo: /opt/SMSFactory/toSend/mensagem_1430.txt numero: 3193552008 Conteudo: CREDBELL ALERTA (GWCEL S.E.): Timeout (T-) para VIVO PROBLEMA em 13/08/2014 14:11:06
Erro no arquivo: /opt/SMSFactory/toSend/mensagem_2439.txt numero: 3193552008 Conteudo: CREDBELL ALERTA (GWCEL S.E.): Timeout (T-) para CTBC-CELULAR PROBLEMA em 13/08/2014 14:11:07
Erro no arquivo: /opt/SMSFactory/toSend/mensagem_6118.txt numero: 3192948698 Conteudo: CREDBELL ALERTA (GWCEL S.E.): Timeout (T-) para TIM PROBLEMA em 13/08/2014 14:11:07
Erro no arquivo: /opt/SMSFactory/toSend/mensagem_9039.txt numero: 3193552008 Conteudo: CREDBELL ALERTA (GWCEL S.E.): Timeout (T-) para TIM RETORNO em 13/08/2014 14:13:06
Erro no arquivo: /opt/SMSFactory/toSend/mensagem_3661.txt numero: 6193332031 Conteudo: CREDBELL ALERTA (CONEXOES): Erros acima do normal PROBLEMA em 13/08/2014 14:12:00
Erro no arquivo: /opt/SMSFactory/toSend/mensagem_516.txt numero: 6193332031 Conteudo: CREDBELL ALERTA (CONEXOES): Erros acima do normal RETORNO em 13/08/2014 14:13:00
Erro no arquivo: /opt/SMSFactory/toSend/mensagem_5720.txt numero: 3175291119 Conteudo: CREDBELL ALERTA (GWCEL S.E.): Timeout (T-) para VIVO PROBLEMA em 13/08/2014 14:11:06
Erro no arquivo: /opt/SMSFactory/toSend/mensagem_4677.txt numero: 3192948698 Conteudo: CREDBELL ALERTA (GWCEL S.E.): Timeout (T-) para CLARO RETORNO em 13/08/2014 14:13:05
Erro no arquivo: /opt/SMSFactory/toSend/mensagem_2365.txt numero: 3192948698 Conteudo: CREDBELL ALERTA (GWCEL S.E.): Timeout (T-) para CTBC-CELULAR RETORNO em 13/08/2014 14:13:06
Erro no arquivo: /opt/SMSFactory/toSend/mensagem_1615.txt numero: 3193552008 Conteudo: CREDBELL ALERTA (GWCEL S.E.): Timeout (T-) para OI RETORNO em 13/08/2014 14:13:06
Erro no arquivo: /opt/SMSFactory/toSend/mensagem_6327.txt numero: 3192948698 Conteudo: CREDBELL ALERTA (GWCEL S.E.): Timeout (T-) para CTBC-CELULAR PROBLEMA em 13/08/2014 14:11:07
Erro no arquivo: /opt/SMSFactory/toSend/mensagem_6802.txt numero: 3193552008 Conteudo: CREDBELL ALERTA (GWCEL S.E.): Timeout (T-) para CTBC-CELULAR RETORNO em 13/08/2014 14:13:06
Erro no arquivo: /opt/SMSFactory/toSend/mensagem_2657.txt numero: 3192948698 Conteudo: CREDBELL ALERTA (GWCEL S.E.): Timeout (T-) para VIVO PROBLEMA em 13/08/2014 14:11:06
Erro no arquivo: /opt/SMSFactory/toSend/mensagem_8880.txt numero: 3193552008 Conteudo: CREDBELL ALERTA (CONEXOES): Erros acima do normal RETORNO em 13/08/2014 14:13:00
Erro no arquivo: /opt/SMSFactory/toSend/mensagem_5070.txt numero: 3192722676 Conteudo: CREDBELL ALERTA (CONEXOES): Erros acima do normal RETORNO em 13/08/2014 14:13:00
Erro no arquivo: /opt/SMSFactory/toSend/mensagem_7348.txt numero: 3175291119 Conteudo: CREDBELL ALERTA (CONEXOES): Erros acima do normal PROBLEMA em 13/08/2014 14:12:00
Erro no arquivo: /opt/SMSFactory/toSend/mensagem_4346.txt numero: 3175291119 Conteudo: CREDBELL ALERTA (GWCEL S.E.): Timeout (T-) para CTBC-CELULAR RETORNO em 13/08/2014 14:13:06
Erro no arquivo: /opt/SMSFactory/toSend/mensagem_9257.txt numero: 3192722676 Conteudo: CREDBELL ALERTA (CONEXOES): Erros acima do normal PROBLEMA em 13/08/2014 14:12:00
Erro no arquivo: /opt/SMSFactory/toSend/mensagem_8227.txt numero: 3192948698 Conteudo: CREDBELL ALERTA (GWCEL S.E.): Timeout (T-) para OI RETORNO em 13/08/2014 14:13:06
Erro no arquivo: /opt/SMSFactory/toSend/mensagem_9039.txt numero: 3193552008 Conteudo: CREDBELL ALERTA (GWCEL S.E.): Timeout (T-) para TIM RETORNO em 13/08/2014 14:13:06
Erro no arquivo: /opt/SMSFactory/toSend/mensagem_516.txt numero: 6193332031 Conteudo: CREDBELL ALERTA (CONEXOES): Erros acima do normal RETORNO em 13/08/2014 14:13:00
Erro no arquivo: /opt/SMSFactory/toSend/mensagem_4677.txt numero: 3192948698 Conteudo: CREDBELL ALERTA (GWCEL S.E.): Timeout (T-) para CLARO RETORNO em 13/08/2014 14:13:05
Erro no arquivo: /opt/SMSFactory/toSend/mensagem_1615.txt numero: 3193552008 Conteudo: CREDBELL ALERTA (GWCEL S.E.): Timeout (T-) para OI RETORNO em 13/08/2014 14:13:06
Erro no arquivo: /opt/SMSFactory/toSend/mensagem_6802.txt numero: 3193552008 Conteudo: CREDBELL ALERTA (GWCEL S.E.): Timeout (T-) para CTBC-CELULAR RETORNO em 13/08/2014 14:13:06
Erro no arquivo: /opt/SMSFactory/toSend/mensagem_8880.txt numero: 3193552008 Conteudo: CREDBELL ALERTA (CONEXOES): Erros acima do normal RETORNO em 13/08/2014 14:13:00
Erro no arquivo: /opt/SMSFactory/toSend/mensagem_7348.txt numero: 3175291119 Conteudo: CREDBELL ALERTA (CONEXOES): Erros acima do normal PROBLEMA em 13/08/2014 14:12:00
Erro no arquivo: /opt/SMSFactory/toSend/mensagem_9257.txt numero: 3192722676 Conteudo: CREDBELL ALERTA (CONEXOES): Erros acima do normal PROBLEMA em 13/08/2014 14:12:00
Erro no arquivo: /opt/SMSFactory/toSend/mensagem_9039.txt numero: 3193552008 Conteudo: CREDBELL ALERTA (GWCEL S.E.): Timeout (T-) para TIM RETORNO em 13/08/2014 14:13:06
Erro no arquivo: /opt/SMSFactory/toSend/mensagem_6529.txt numero: 3175291119 Conteudo: CREDBELL ALERTA (GWCEL S.E.): Sem comunicacao com filial (G1) para TIM PROBLEMA em 13/08/2014 14:30:02
Erro no arquivo: /opt/SMSFactory/toSend/mensagem_4677.txt numero: 3192948698 Conteudo: CREDBELL ALERTA (GWCEL S.E.): Timeout (T-) para CLARO RETORNO em 13/08/2014 14:13:05
Erro no arquivo: /opt/SMSFactory/toSend/mensagem_6802.txt numero: 3193552008 Conteudo: CREDBELL ALERTA (GWCEL S.E.): Timeout (T-) para CTBC-CELULAR RETORNO em 13/08/2014 14:13:06
Erro no arquivo: /opt/SMSFactory/toSend/mensagem_1583.txt numero: 3192948698 Conteudo: CREDBELL ALERTA (GWCEL S.E.): Sem comunicacao com filial (G1) para TIM PROBLEMA em 13/08/2014 14:30:02
Erro no arquivo: /opt/SMSFactory/toSend/mensagem_6452.txt numero: 3175291119 Conteudo: CREDBELL ALERTA (GWCEL S.E.): Sem comunicacao com filial (G1) para TIM RETORNO em 13/08/2014 14:31:02
Erro no arquivo: /opt/SMSFactory/toSend/mensagem_9257.txt numero: 3192722676 Conteudo: CREDBELL ALERTA (CONEXOES): Erros acima do normal PROBLEMA em 13/08/2014 14:12:00
Erro no arquivo: /opt/SMSFactory/toSend/mensagem_9039.txt numero: 3193552008 Conteudo: CREDBELL ALERTA (GWCEL S.E.): Timeout (T-) para TIM RETORNO em 13/08/2014 14:13:06
Erro no arquivo: /opt/SMSFactory/toSend/mensagem_6529.txt numero: 3175291119 Conteudo: CREDBELL ALERTA (GWCEL S.E.): Sem comunicacao com filial (G1) para TIM PROBLEMA em 13/08/2014 14:30:02
Erro no arquivo: /opt/SMSFactory/toSend/mensagem_6802.txt numero: 3193552008 Conteudo: CREDBELL ALERTA (GWCEL S.E.): Timeout (T-) para CTBC-CELULAR RETORNO em 13/08/2014 14:13:06
Erro no arquivo: /opt/SMSFactory/toSend/mensagem_1583.txt numero: 3192948698 Conteudo: CREDBELL ALERTA (GWCEL S.E.): Sem comunicacao com filial (G1) para TIM PROBLEMA em 13/08/2014 14:30:02
Erro no arquivo: /opt/SMSFactory/toSend/mensagem_6452.txt numero: 3175291119 Conteudo: CREDBELL ALERTA (GWCEL S.E.): Sem comunicacao com filial (G1) para TIM RETORNO em 13/08/2014 14:31:02
Erro no arquivo: /opt/SMSFactory/toSend/mensagem_3287.txt numero: 3175291119 Conteudo: CREDBELL ALERTA (GWCEL S.E.): Timeout (T-) para CLARO RETORNO em 13/08/2014 14:42:02
Erro no arquivo: /opt/SMSFactory/toSend/mensagem_6529.txt numero: 3175291119 Conteudo: CREDBELL ALERTA (GWCEL S.E.): Sem comunicacao com filial (G1) para TIM PROBLEMA em 13/08/2014 14:30:02
Erro no arquivo: /opt/SMSFactory/toSend/mensagem_1838.txt numero: 3175291119 Conteudo: CREDBELL ALERTA (GWCEL S.E.): Sem comunicacao com filial (G1) para CLARO PROBLEMA em 13/08/2014 14:42:03
Erro no arquivo: /opt/SMSFactory/toSend/mensagem_6802.txt numero: 3193552008 Conteudo: CREDBELL ALERTA (GWCEL S.E.): Timeout (T-) para CTBC-CELULAR RETORNO em 13/08/2014 14:13:06
Erro no arquivo: /opt/SMSFactory/toSend/mensagem_9301.txt numero: 3193552008 Conteudo: CREDBELL ALERTA (GWCEL S.E.): Sem comunicacao com filial (G1) para CLARO PROBLEMA em 13/08/2014 14:42:03
Erro no arquivo: /opt/SMSFactory/toSend/mensagem_6452.txt numero: 3175291119 Conteudo: CREDBELL ALERTA (GWCEL S.E.): Sem comunicacao com filial (G1) para TIM RETORNO em 13/08/2014 14:31:02
Erro no arquivo: /opt/SMSFactory/toSend/mensagem_2370.txt numero: 3175291119 Conteudo: CREDBELL ALERTA (GWCEL S.E.): Timeout (T-) para CLARO PROBLEMA em 13/08/2014 14:44:03
Erro no arquivo: /opt/SMSFactory/toSend/mensagem_6529.txt numero: 3175291119 Conteudo: CREDBELL ALERTA (GWCEL S.E.): Sem comunicacao com filial (G1) para TIM PROBLEMA em 13/08/2014 14:30:02
Erro no arquivo: /opt/SMSFactory/toSend/mensagem_6802.txt numero: 3193552008 Conteudo: CREDBELL ALERTA (GWCEL S.E.): Timeout (T-) para CTBC-CELULAR RETORNO em 13/08/2014 14:13:06
Erro no arquivo: /opt/SMSFactory/toSend/mensagem_3681.txt numero: 3193552008 Conteudo: CREDBELL ALERTA (GWCEL S.E.): Timeout (T-) para CLARO PROBLEMA em 13/08/2014 14:44:03
Erro no arquivo: /opt/SMSFactory/toSend/mensagem_4259.txt numero: 3193552008 Conteudo: CREDBELL ALERTA (GWCEL S.E.): Sem comunicacao com filial (G1) para CLARO RETORNO em 13/08/2014 14:44:02
Erro no arquivo: /opt/SMSFactory/toSend/mensagem_3280.txt numero: 3192948698 Conteudo: CREDBELL ALERTA (GWCEL S.E.): Sem comunicacao com filial (G1) para CLARO RETORNO em 13/08/2014 14:44:02
Erro no arquivo: /opt/SMSFactory/toSend/mensagem_2370.txt numero: 3175291119 Conteudo: CREDBELL ALERTA (GWCEL S.E.): Timeout (T-) para CLARO PROBLEMA em 13/08/2014 14:44:03
Erro no arquivo: /opt/SMSFactory/toSend/mensagem_6529.txt numero: 3175291119 Conteudo: CREDBELL ALERTA (GWCEL S.E.): Sem comunicacao com filial (G1) para TIM PROBLEMA em 13/08/2014 14:30:02
Erro no arquivo: /opt/SMSFactory/toSend/mensagem_6802.txt numero: 3193552008 Conteudo: CREDBELL ALERTA (GWCEL S.E.): Timeout (T-) para CTBC-CELULAR RETORNO em 13/08/2014 14:13:06
Erro no arquivo: /opt/SMSFactory/toSend/mensagem_5380.txt numero: 3175291119 Conteudo: CREDBELL ALERTA (GWCEL S.E.): Timeout (T-) para CLARO RETORNO em 13/08/2014 14:47:02
Erro no arquivo: /opt/SMSFactory/toSend/mensagem_5099.txt numero: 3192948698 Conteudo: CREDBELL ALERTA (GWCEL S.E.): Sem comunicacao com filial (G1) para CLARO RETORNO em 13/08/2014 14:51:02
Erro no arquivo: /opt/SMSFactory/toSend/mensagem_4259.txt numero: 3193552008 Conteudo: CREDBELL ALERTA (GWCEL S.E.): Sem comunicacao com filial (G1) para CLARO RETORNO em 13/08/2014 14:44:02
Erro no arquivo: /opt/SMSFactory/toSend/mensagem_195.txt numero: 3193552008 Conteudo: CREDBELL ALERTA (GWCEL S.E.): Sem comunicacao com filial (G1) para CLARO RETORNO em 13/08/2014 14:51:02
Erro no arquivo: /opt/SMSFactory/toSend/mensagem_2370.txt numero: 3175291119 Conteudo: CREDBELL ALERTA (GWCEL S.E.): Timeout (T-) para CLARO PROBLEMA em 13/08/2014 14:44:03
Erro no arquivo: /opt/SMSFactory/toSend/mensagem_6802.txt numero: 3193552008 Conteudo: CREDBELL ALERTA (GWCEL S.E.): Timeout (T-) para CTBC-CELULAR RETORNO em 13/08/2014 14:13:06
Erro no arquivo: /opt/SMSFactory/toSend/mensagem_5099.txt numero: 3192948698 Conteudo: CREDBELL ALERTA (GWCEL S.E.): Sem comunicacao com filial (G1) para CLARO RETORNO em 13/08/2014 14:51:02
Erro no arquivo: /opt/SMSFactory/toSend/mensagem_195.txt numero: 3193552008 Conteudo: CREDBELL ALERTA (GWCEL S.E.): Sem comunicacao com filial (G1) para CLARO RETORNO em 13/08/2014 14:51:02
Erro no arquivo: /opt/SMSFactory/toSend/mensagem_6802.txt numero: 3193552008 Conteudo: CREDBELL ALERTA (GWCEL S.E.): Timeout (T-) para CTBC-CELULAR RETORNO em 13/08/2014 14:13:06
Erro no arquivo: /opt/SMSFactory/toSend/mensagem_195.txt numero: 3193552008 Conteudo: CREDBELL ALERTA (GWCEL S.E.): Sem comunicacao com filial (G1) para CLARO RETORNO em 13/08/2014 14:51:02
Erro no arquivo: /opt/SMSFactory/toSend/mensagem_195.txt numero: 3193552008 Conteudo: CREDBELL ALERTA (GWCEL S.E.): Sem comunicacao com filial (G1) para CLARO RETORNO em 13/08/2014 14:51:02
Erro no arquivo: /opt/SMSFactory/toSend/mensagem_1849.txt numero: 6193332031 Conteudo: CREDBELL ALERTA (CONEXOES): Erros acima do normal PROBLEMA em 13/08/2014 15:02:00
Erro no arquivo: /opt/SMSFactory/toSend/mensagem_4303.txt numero: 3175291119 Conteudo: CREDBELL ALERTA (CONEXOES): Erros acima do normal PROBLEMA em 13/08/2014 15:02:00
Erro no arquivo: /opt/SMSFactory/toSend/mensagem_5490.txt numero: 3192948698 Conteudo: CREDBELL ALERTA (CONEXOES): Erros acima do normal PROBLEMA em 13/08/2014 15:02:00
Erro no arquivo: /opt/SMSFactory/toSend/mensagem_9563.txt numero: 3192948698 Conteudo: CREDBELL ALERTA (CONEXOES): Erros acima do normal RETORNO em 13/08/2014 15:03:00
Erro no arquivo: /opt/SMSFactory/toSend/mensagem_8552.txt numero: 3193552008 Conteudo: CREDBELL ALERTA (CONEXOES): Erros acima do normal RETORNO em 13/08/2014 15:03:00
Erro no arquivo: /opt/SMSFactory/toSend/mensagem_4303.txt numero: 3175291119 Conteudo: CREDBELL ALERTA (CONEXOES): Erros acima do normal PROBLEMA em 13/08/2014 15:02:00
Erro no arquivo: /opt/SMSFactory/toSend/mensagem_5490.txt numero: 3192948698 Conteudo: CREDBELL ALERTA (CONEXOES): Erros acima do normal PROBLEMA em 13/08/2014 15:02:00
Erro no arquivo: /opt/SMSFactory/toSend/mensagem_8552.txt numero: 3193552008 Conteudo: CREDBELL ALERTA (CONEXOES): Erros acima do normal RETORNO em 13/08/2014 15:03:00
Erro no arquivo: /opt/SMSFactory/toSend/mensagem_5490.txt numero: 3192948698 Conteudo: CREDBELL ALERTA (CONEXOES): Erros acima do normal PROBLEMA em 13/08/2014 15:02:00
Erro no arquivo: /opt/SMSFactory/toSend/mensagem_5490.txt numero: 3192948698 Conteudo: CREDBELL ALERTA (CONEXOES): Erros acima do normal PROBLEMA em 13/08/2014 15:02:00
Erro no arquivo: /opt/SMSFactory/toSend/mensagem_3696.txt numero: 3192948698 Conteudo: CREDBELL ALERTA (CONEXOES): Erros acima do normal PROBLEMA em 13/08/2014 15:16:00
Erro no arquivo: /opt/SMSFactory/toSend/mensagem_7169.txt numero: 3175291119 Conteudo: CREDBELL ALERTA (CONEXOES): Erros acima do normal PROBLEMA em 13/08/2014 15:16:00
Erro no arquivo: /opt/SMSFactory/toSend/mensagem_1851.txt numero: 6193332031 Conteudo: CREDBELL ALERTA (CONEXOES): Erros acima do normal PROBLEMA em 13/08/2014 15:16:00
Erro no arquivo: /opt/SMSFactory/toSend/mensagem_7169.txt numero: 3175291119 Conteudo: CREDBELL ALERTA (CONEXOES): Erros acima do normal PROBLEMA em 13/08/2014 15:16:00
Erro no arquivo: /opt/SMSFactory/toSend/mensagem_2235.txt numero: 3192722676 Conteudo: CREDBELL ALERTA (CONEXOES): Erros acima do normal RETORNO em 13/08/2014 15:17:01
Erro no arquivo: /opt/SMSFactory/toSend/mensagem_3856.txt numero: 3175291119 Conteudo: CREDBELL ALERTA (CONEXOES): Erros acima do normal RETORNO em 13/08/2014 15:17:01
Erro no arquivo: /opt/SMSFactory/toSend/mensagem_1043.txt numero: 3193552008 Conteudo: CREDBELL ALERTA (CONEXOES): Erros acima do normal RETORNO em 13/08/2014 15:17:01
Erro no arquivo: /opt/SMSFactory/toSend/mensagem_2235.txt numero: 3192722676 Conteudo: CREDBELL ALERTA (CONEXOES): Erros acima do normal RETORNO em 13/08/2014 15:17:01
Erro no arquivo: /opt/SMSFactory/toSend/mensagem_1043.txt numero: 3193552008 Conteudo: CREDBELL ALERTA (CONEXOES): Erros acima do normal RETORNO em 13/08/2014 15:17:01
Erro no arquivo: /opt/SMSFactory/toSend/mensagem_1043.txt numero: 3193552008 Conteudo: CREDBELL ALERTA (CONEXOES): Erros acima do normal RETORNO em 13/08/2014 15:17:01
Erro no arquivo: /opt/SMSFactory/toSend/mensagem_4125.txt numero: 3193552008 Conteudo: CREDBELL ALERTA (CONEXOES): Erros acima do normal PROBLEMA em 13/08/2014 15:28:00
Erro no arquivo: /opt/SMSFactory/toSend/mensagem_6831.txt numero: 3175291119 Conteudo: CREDBELL ALERTA (CONEXOES): Erros acima do normal PROBLEMA em 13/08/2014 15:28:00
Erro no arquivo: /opt/SMSFactory/toSend/mensagem_4012.txt numero: 3192722676 Conteudo: CREDBELL ALERTA (CONEXOES): Erros acima do normal PROBLEMA em 13/08/2014 15:28:00
Erro no arquivo: /opt/SMSFactory/toSend/mensagem_4125.txt numero: 3193552008 Conteudo: CREDBELL ALERTA (CONEXOES): Erros acima do normal PROBLEMA em 13/08/2014 15:28:00
Erro no arquivo: /opt/SMSFactory/toSend/mensagem_6831.txt numero: 3175291119 Conteudo: CREDBELL ALERTA (CONEXOES): Erros acima do normal PROBLEMA em 13/08/2014 15:28:00
Erro no arquivo: /opt/SMSFactory/toSend/mensagem_6897.txt numero: 3193552008 Conteudo: CREDBELL ALERTA (CONEXOES): Erros acima do normal RETORNO em 13/08/2014 15:29:00
Erro no arquivo: /opt/SMSFactory/toSend/mensagem_4012.txt numero: 3192722676 Conteudo: CREDBELL ALERTA (CONEXOES): Erros acima do normal PROBLEMA em 13/08/2014 15:28:00
Erro no arquivo: /opt/SMSFactory/toSend/mensagem_6831.txt numero: 3175291119 Conteudo: CREDBELL ALERTA (CONEXOES): Erros acima do normal PROBLEMA em 13/08/2014 15:28:00
Erro no arquivo: /opt/SMSFactory/toSend/mensagem_4012.txt numero: 3192722676 Conteudo: CREDBELL ALERTA (CONEXOES): Erros acima do normal PROBLEMA em 13/08/2014 15:28:00
Erro no arquivo: /opt/SMSFactory/toSend/mensagem_4012.txt numero: 3192722676 Conteudo: CREDBELL ALERTA (CONEXOES): Erros acima do normal PROBLEMA em 13/08/2014 15:28:00
Erro no arquivo: /opt/SMSFactory/toSend/mensagem_1009.txt numero: 3192948698 Conteudo: CREDBELL ALERTA (BD): Wait Lock Statistics Avg acima do normal em 13/08/2014 15:40:08
Erro no arquivo: /opt/SMSFactory/toSend/mensagem_2664.txt numero: 3192722676 Conteudo: CREDBELL ALERTA (BD): Wait Lock Statistics Avg acima do normal em 13/08/2014 15:40:08
Erro no arquivo: /opt/SMSFactory/toSend/mensagem_8082.txt numero: 3175291119 Conteudo: CREDBELL ALERTA (BD): Wait Lock Statistics Avg acima do normal em 13/08/2014 15:40:08
Erro no arquivo: /opt/SMSFactory/toSend/mensagem_2664.txt numero: 3192722676 Conteudo: CREDBELL ALERTA (BD): Wait Lock Statistics Avg acima do normal em 13/08/2014 15:40:08
Erro no arquivo: /opt/SMSFactory/toSend/mensagem_2664.txt numero: 3192722676 Conteudo: CREDBELL ALERTA (BD): Wait Lock Statistics Avg acima do normal em 13/08/2014 15:40:08
Erro no arquivo: /opt/SMSFactory/toSend/mensagem_marcelo.txt numero: 3192722676 Conteudo: Cliente Claro, temos um aparelho gratis esperando por voce. Responda este SMS com a palavra SIM e retornaremos com as condicoes e a loja Claro mais proxima.
Erro no arquivo: /opt/SMSFactory/toSend/mensagem_marcelo.txt numero: 3192722676 Conteudo: Cliente Claro, temos um aparelho gratis esperando por voce. Responda este SMS com a palavra SIM e retornaremos com as condicoes e a loja Claro mais proxima.
Erro no arquivo: /opt/SMSFactory/toSend/mensagem_5139.txt numero: 31935520